{"/Users/brett/hackreactor/SDC/product-overview-database/server/controller.js": {"path":"/Users/brett/hackreactor/SDC/product-overview-database/server/controller.js","statementMap":{"0":{"start":{"line":1,"column":14},"end":{"line":1,"column":32}},"1":{"start":{"line":3,"column":0},"end":{"line":28,"column":2}},"2":{"start":{"line":5,"column":4},"end":{"line":8,"column":51}},"3":{"start":{"line":7,"column":8},"end":{"line":7,"column":39}},"4":{"start":{"line":8,"column":24},"end":{"line":8,"column":49}},"5":{"start":{"line":12,"column":4},"end":{"line":14,"column":49}},"6":{"start":{"line":13,"column":26},"end":{"line":13,"column":64}},"7":{"start":{"line":14,"column":22},"end":{"line":14,"column":47}},"8":{"start":{"line":18,"column":4},"end":{"line":20,"column":49}},"9":{"start":{"line":19,"column":26},"end":{"line":19,"column":64}},"10":{"start":{"line":20,"column":22},"end":{"line":20,"column":47}},"11":{"start":{"line":24,"column":4},"end":{"line":26,"column":49}},"12":{"start":{"line":25,"column":26},"end":{"line":25,"column":65}},"13":{"start":{"line":26,"column":22},"end":{"line":26,"column":47}}},"fnMap":{"0":{"name":"(anonymous_0)","decl":{"start":{"line":4,"column":10},"end":{"line":4,"column":11}},"loc":{"start":{"line":4,"column":24},"end":{"line":9,"column":3}},"line":4},"1":{"name":"(anonymous_1)","decl":{"start":{"line":6,"column":12},"end":{"line":6,"column":13}},"loc":{"start":{"line":6,"column":26},"end":{"line":8,"column":7}},"line":6},"2":{"name":"(anonymous_2)","decl":{"start":{"line":8,"column":15},"end":{"line":8,"column":16}},"loc":{"start":{"line":8,"column":24},"end":{"line":8,"column":49}},"line":8},"3":{"name":"(anonymous_3)","decl":{"start":{"line":11,"column":10},"end":{"line":11,"column":11}},"loc":{"start":{"line":11,"column":24},"end":{"line":15,"column":3}},"line":11},"4":{"name":"(anonymous_4)","decl":{"start":{"line":13,"column":12},"end":{"line":13,"column":13}},"loc":{"start":{"line":13,"column":26},"end":{"line":13,"column":64}},"line":13},"5":{"name":"(anonymous_5)","decl":{"start":{"line":14,"column":13},"end":{"line":14,"column":14}},"loc":{"start":{"line":14,"column":22},"end":{"line":14,"column":47}},"line":14},"6":{"name":"(anonymous_6)","decl":{"start":{"line":17,"column":13},"end":{"line":17,"column":14}},"loc":{"start":{"line":17,"column":27},"end":{"line":21,"column":3}},"line":17},"7":{"name":"(anonymous_7)","decl":{"start":{"line":19,"column":12},"end":{"line":19,"column":13}},"loc":{"start":{"line":19,"column":26},"end":{"line":19,"column":64}},"line":19},"8":{"name":"(anonymous_8)","decl":{"start":{"line":20,"column":13},"end":{"line":20,"column":14}},"loc":{"start":{"line":20,"column":22},"end":{"line":20,"column":47}},"line":20},"9":{"name":"(anonymous_9)","decl":{"start":{"line":23,"column":14},"end":{"line":23,"column":15}},"loc":{"start":{"line":23,"column":28},"end":{"line":27,"column":3}},"line":23},"10":{"name":"(anonymous_10)","decl":{"start":{"line":25,"column":12},"end":{"line":25,"column":13}},"loc":{"start":{"line":25,"column":26},"end":{"line":25,"column":65}},"line":25},"11":{"name":"(anonymous_11)","decl":{"start":{"line":26,"column":13},"end":{"line":26,"column":14}},"loc":{"start":{"line":26,"column":22},"end":{"line":26,"column":47}},"line":26}},"branchMap":{},"s":{"0":1,"1":1,"2":2,"3":2,"4":0,"5":2,"6":1,"7":1,"8":1,"9":1,"10":0,"11":2,"12":2,"13":0},"f":{"0":2,"1":2,"2":0,"3":2,"4":1,"5":1,"6":1,"7":1,"8":0,"9":2,"10":2,"11":0},"b":{},"_coverageSchema":"1a1c01bbd47fc00a2c39e90264f33305004495a9","hash":"8deffb5eae1f1dea5252716e2320b301680c281c"}
,"/Users/brett/hackreactor/SDC/product-overview-database/server/db.js": {"path":"/Users/brett/hackreactor/SDC/product-overview-database/server/db.js","statementMap":{"0":{"start":{"line":1,"column":12},"end":{"line":1,"column":35}},"1":{"start":{"line":3,"column":19},"end":{"line":8,"column":1}},"2":{"start":{"line":10,"column":11},"end":{"line":10,"column":26}},"3":{"start":{"line":12,"column":0},"end":{"line":12,"column":20}}},"fnMap":{},"branchMap":{},"s":{"0":1,"1":1,"2":1,"3":1},"f":{},"b":{},"_coverageSchema":"1a1c01bbd47fc00a2c39e90264f33305004495a9","hash":"42b08d933a23c2b8bbfc97ee124ca8537e3cc787"}
,"/Users/brett/hackreactor/SDC/product-overview-database/server/index.js": {"path":"/Users/brett/hackreactor/SDC/product-overview-database/server/index.js","statementMap":{"0":{"start":{"line":1,"column":15},"end":{"line":1,"column":32}},"1":{"start":{"line":2,"column":16},"end":{"line":2,"column":34}},"2":{"start":{"line":3,"column":13},"end":{"line":3,"column":28}},"3":{"start":{"line":4,"column":15},"end":{"line":4,"column":34}},"4":{"start":{"line":6,"column":12},"end":{"line":6,"column":21}},"5":{"start":{"line":8,"column":0},"end":{"line":8,"column":16}},"6":{"start":{"line":9,"column":0},"end":{"line":9,"column":23}},"7":{"start":{"line":10,"column":0},"end":{"line":10,"column":48}},"8":{"start":{"line":11,"column":0},"end":{"line":11,"column":24}},"9":{"start":{"line":12,"column":0},"end":{"line":12,"column":29}},"10":{"start":{"line":14,"column":13},"end":{"line":14,"column":37}},"11":{"start":{"line":16,"column":0},"end":{"line":18,"column":3}},"12":{"start":{"line":17,"column":2},"end":{"line":17,"column":51}},"13":{"start":{"line":20,"column":0},"end":{"line":20,"column":21}}},"fnMap":{"0":{"name":"(anonymous_0)","decl":{"start":{"line":16,"column":17},"end":{"line":16,"column":18}},"loc":{"start":{"line":16,"column":23},"end":{"line":18,"column":1}},"line":16}},"branchMap":{"0":{"loc":{"start":{"line":14,"column":13},"end":{"line":14,"column":37}},"type":"binary-expr","locations":[{"start":{"line":14,"column":13},"end":{"line":14,"column":29}},{"start":{"line":14,"column":33},"end":{"line":14,"column":37}}],"line":14}},"s":{"0":1,"1":1,"2":1,"3":1,"4":1,"5":1,"6":1,"7":1,"8":1,"9":1,"10":1,"11":1,"12":1,"13":1},"f":{"0":1},"b":{"0":[1,1]},"_coverageSchema":"1a1c01bbd47fc00a2c39e90264f33305004495a9","hash":"d4b15d9354b6a6a0dfdad521ae0fc55a1a71fb31"}
,"/Users/brett/hackreactor/SDC/product-overview-database/server/model.js": {"path":"/Users/brett/hackreactor/SDC/product-overview-database/server/model.js","statementMap":{"0":{"start":{"line":1,"column":11},"end":{"line":1,"column":26}},"1":{"start":{"line":3,"column":0},"end":{"line":94,"column":2}},"2":{"start":{"line":5,"column":4},"end":{"line":9,"column":5}},"3":{"start":{"line":13,"column":4},"end":{"line":35,"column":5}},"4":{"start":{"line":39,"column":4},"end":{"line":82,"column":5}},"5":{"start":{"line":86,"column":4},"end":{"line":92,"column":5}}},"fnMap":{"0":{"name":"(anonymous_0)","decl":{"start":{"line":4,"column":15},"end":{"line":4,"column":16}},"loc":{"start":{"line":5,"column":4},"end":{"line":9,"column":5}},"line":5},"1":{"name":"(anonymous_1)","decl":{"start":{"line":12,"column":10},"end":{"line":12,"column":11}},"loc":{"start":{"line":13,"column":4},"end":{"line":35,"column":5}},"line":13},"2":{"name":"(anonymous_2)","decl":{"start":{"line":38,"column":13},"end":{"line":38,"column":14}},"loc":{"start":{"line":39,"column":4},"end":{"line":82,"column":5}},"line":39},"3":{"name":"(anonymous_3)","decl":{"start":{"line":85,"column":14},"end":{"line":85,"column":15}},"loc":{"start":{"line":86,"column":4},"end":{"line":92,"column":5}},"line":86}},"branchMap":{"0":{"loc":{"start":{"line":4,"column":16},"end":{"line":4,"column":24}},"type":"default-arg","locations":[{"start":{"line":4,"column":23},"end":{"line":4,"column":24}}],"line":4},"1":{"loc":{"start":{"line":4,"column":26},"end":{"line":4,"column":35}},"type":"default-arg","locations":[{"start":{"line":4,"column":34},"end":{"line":4,"column":35}}],"line":4}},"s":{"0":1,"1":1,"2":2,"3":2,"4":1,"5":2},"f":{"0":2,"1":2,"2":1,"3":2},"b":{"0":[1],"1":[1]},"_coverageSchema":"1a1c01bbd47fc00a2c39e90264f33305004495a9","hash":"04722a20baeb4cce5e27975c80de9fffa4c0b8d6"}
,"/Users/brett/hackreactor/SDC/product-overview-database/server/router.js": {"path":"/Users/brett/hackreactor/SDC/product-overview-database/server/router.js","statementMap":{"0":{"start":{"line":1,"column":15},"end":{"line":1,"column":42}},"1":{"start":{"line":2,"column":19},"end":{"line":2,"column":42}},"2":{"start":{"line":4,"column":0},"end":{"line":4,"column":35}},"3":{"start":{"line":5,"column":0},"end":{"line":5,"column":46}},"4":{"start":{"line":6,"column":0},"end":{"line":6,"column":56}},"5":{"start":{"line":7,"column":0},"end":{"line":7,"column":58}},"6":{"start":{"line":9,"column":0},"end":{"line":9,"column":24}}},"fnMap":{},"branchMap":{},"s":{"0":1,"1":1,"2":1,"3":1,"4":1,"5":1,"6":1},"f":{},"b":{},"_coverageSchema":"1a1c01bbd47fc00a2c39e90264f33305004495a9","hash":"184f44145627547f493a5fd519357e2637c04d4f"}
}
